<?xml version="1.0" encoding="UTF-8"?>
<!-- Generated by org.testng.reporters.JUnitReportReporter -->
<testsuite hostname="PC-PC" name="progit.Apgit" tests="1" failures="0" timestamp="17 Sep 2018 10:23:54 GMT" time="23.647" errors="0">
  <testcase name="m" time="23.647" classname="progit.Apgit"/>
</testsuite> <!-- progit.Apgit -->
