<?xml version="1.0" encoding="UTF-8"?>
<!-- Generated by org.testng.reporters.JUnitReportReporter -->
<testsuite skipped="0" hostname="PC-PC" name="demo.Demo" tests="1" failures="0" timestamp="18 Sep 2018 12:35:22 GMT" time="36.790" errors="0">
  <testcase name="m" time="36.790" classname="demo.Demo"/>
</testsuite> <!-- demo.Demo -->
